[0mPOST /api/v1/auths/signup [32m201[0m 1006.277 ms - 638[0m
[0mPOST /api/v1/auths/signup [32m201[0m 1108.444 ms - 645[0m
[0mPOST /api/v1/auths/logout/6390ae9f37a89dc69e6c178f [32m200[0m 287.780 ms - 44[0m
[0mPOST /api/v1/auths/signin [33m401[0m 543.437 ms - 55[0m
[0mPOST /api/v1/auths/signin [32m200[0m 458.078 ms - 564[0m
[0mPOST /api/v1/auths/logout/6390ae9f37a89dc69e6c178f [32m200[0m 251.315 ms - 44[0m
[0mPUT /api/v1/auths/forgotpassword [32m200[0m 941.492 ms - 223[0m
[0mPOST /api/v1/auths/reset-password/ce78991c596bda14f6ea023b144c7b6145d01b4ce2c23a69453040a4bf59b6bb%0A [32m200[0m 801.154 ms - 58[0m
[0mPOST /api/v1/auths/signin [33m401[0m 555.603 ms - 55[0m
[0mPOST /api/v1/auths/signin [32m200[0m 556.645 ms - 564[0m
[0mPOST /api/v1/jobs/job [33m401[0m 399.668 ms - 47[0m
[0mPOST /api/v1/jobs/job [33m401[0m 231.866 ms - 47[0m
[0mPOST /api/v1/jobs/job [33m403[0m 560.169 ms - 47[0m
[0mPOST /api/v1/jobs/job [33m400[0m 362.077 ms - 222[0m
[0mPOST /api/v1/jobs/job [32m201[0m 1021.916 ms - 423[0m
[0mDELETE /api/v1/jobs/job/?id=6390b8658436c58c82327dd9 [33m403[0m 337.853 ms - 47[0m
[0mDELETE /api/v1/jobs/job/?id=6390b8658436c58c82327dd9 [32m204[0m 803.156 ms - -[0m
[0mDELETE /api/v1/jobs/job/?id=6390b8658436c58c82327dd9 [33m404[0m 656.626 ms - 42[0m
[0mPOST /api/v1/jobs/job [32m201[0m 654.735 ms - 427[0m
[0mDELETE /api/v1/jobs/job/?id=6390bb0cebc313adbf13a227 [32m204[0m 794.788 ms - -[0m
[0mPOST /api/v1/jobs/job [32m201[0m 638.734 ms - 427[0m
[0mDELETE /api/v1/jobs/job/?id=6390bbd0ebc313adbf13a22c [32m200[0m 862.895 ms - 52[0m
[0mPOST /api/v1/jobs/job [32m201[0m 661.643 ms - 427[0m
[0mDELETE /api/v1/jobs/job/?id=6390bccaf368d617004691e8 [32m204[0m 778.734 ms - -[0m
[0mPOST /api/v1/jobs/job [32m201[0m 829.644 ms - 427[0m
[0mPOST /api/v1/jobs/job [33m400[0m 735.445 ms - 125[0m
[0mPOST /api/v1/jobs/job [33m401[0m 0.787 ms - 27[0m
[0mPOST /api/v1/jobs/job [33m403[0m 267.807 ms - 47[0m
[0mPOST /api/v1/jobs/job [33m400[0m 690.778 ms - 125[0m
[0mPOST /api/v1/jobs/job [33m400[0m 532.527 ms - 149[0m
[0mPOST /api/v1/jobs/job [33m400[0m 754.695 ms - 149[0m
[0mPOST /api/v1/jobs/job [33m400[0m 712.107 ms - 149[0m
[0mDELETE /api/v1/jobs/job/?id=6390bd01f368d617004691ed [32m204[0m 834.593 ms - -[0m
[0mPOST /api/v1/jobs/job [32m201[0m 564.070 ms - 423[0m
[0mPOST /api/v1/jobs/job [33m400[0m 749.901 ms - 114[0m
[0mDELETE /api/v1/jobs/job/?id=6390c49137f93f003585fdef [32m204[0m 582.599 ms - -[0m
[0mPOST /api/v1/jobs/job [32m201[0m 1033.591 ms - 424[0m
[0mPOST /api/v1/jobs/job [33m400[0m 697.780 ms - 149[0m
[0mPOST /api/v1/jobs/job [33m400[0m 2124.605 ms - 149[0m
[0mPOST /api/v1/jobs/job [32m201[0m 661.999 ms - 425[0m
[0mPOST /api/v1/jobs/job [33m400[0m 516.023 ms - 149[0m
[0mPOST /api/v1/jobs/job [32m201[0m 641.904 ms - 436[0m
[0mPOST /api/v1/jobs/job [33m400[0m 473.840 ms - 130[0m
[0mPOST /api/v1/jobs/job [33m400[0m 684.877 ms - 130[0m
[0mPOST /api/v1/jobs/job [32m201[0m 900.372 ms - 432[0m
[0mPOST /api/v1/jobs/job [33m400[0m 558.016 ms - 130[0m
[0mPOST /api/v1/jobs/job [32m201[0m 699.883 ms - 433[0m
[0mPOST /api/v1/jobs/job [33m400[0m 420.344 ms - 130[0m
[0mPOST /api/v1/jobs/job [33m400[0m 935.825 ms - 165[0m
[0mPOST /api/v1/jobs/job [32m201[0m 684.543 ms - 432[0m
[0mPOST /api/v1/jobs/job [32m201[0m 428.661 ms - 433[0m
[0mPOST /api/v1/jobs/job [32m201[0m 414.272 ms - 433[0m
[0mPOST /api/v1/jobs/job [32m201[0m 665.389 ms - 431[0m
[0mGET /api/v1/jobs/job/63912f9472d3d5702606fe0f [32m200[0m 287.297 ms - 406[0m
[0mPATCH /api/v1/jobs/job/639130a7702baa5f6fced37e [33m400[0m 4.516 ms - 63[0m
[0mPATCH /api/v1/jobs/job/639130a7702baa5f6fced37e [33m403[0m 171.318 ms - 47[0m
[0mPATCH /api/v1/jobs/job/639130a7702baa5f6fced37e [32m200[0m 638.835 ms - 432[0m
[0mGET /api/v1/jobs/job [32m200[0m 303.586 ms - 1119[0m
[0mGET /api/v1/jobs/job?title=frontend%20developer&keywords=react [32m200[0m 299.168 ms - 415[0m
[0mGET /api/v1/jobs/job?title=frontend%20developer&keywords=react,%20HTML [32m200[0m 297.329 ms - 61[0m
[0mGET /api/v1/jobs/job?keywords=react,%20HTML [32m200[0m 306.180 ms - 61[0m
[0mGET /api/v1/jobs/job?keywords=react%20HTML [32m200[0m 366.798 ms - 61[0m
[0mGET /api/v1/jobs/job?keywords=HTML [32m200[0m 365.842 ms - 415[0m
[0mGET /api/v1/jobs/job?location=abuja&jobtype=software%20development&keywords=HTML [32m200[0m 303.577 ms - 61[0m
[0mGET /api/v1/jobs/job?jobtype=software%20development&keywords=HTML [32m200[0m 302.136 ms - 415[0m
[0mGET /api/v1/jobs/job?location=abuja&jobtype=software%20development&keywords=adobe [32m200[0m 302.354 ms - 410[0m
[0mGET /api/v1/jobs/job?location=lagos&jobtype=software%20development&keywords=Dotnet [32m200[0m 305.079 ms - 414[0m
[0mGET /api/v1/jobs/job?location=lagos&jobtype=software%20development&keywords=Dotnet&keywords=Node [32m200[0m 269.144 ms - 61[0m
[0mGET /api/v1/jobs/job?location=lagos&jobtype=software%20development&keywords=Dotnet [32m200[0m 394.378 ms - 416[0m
[0mGET /api/v1/jobs/job?title=frontend%20developer&location=lagos&jobtype=software%20development&keywords=Dotnet [32m200[0m 273.959 ms - 63[0m
[0mGET /api/v1/jobs/job?title=frontend%20developer&location=lagos&jobtype=software%20development&keywords=Dotnet [32m200[0m 329.245 ms - 70[0m
[0mGET /api/v1/jobs/job?location=lagos&jobtype=software%20development&keywords=Dotnet [32m200[0m 325.535 ms - 423[0m
[0mGET /api/v1/jobs/job?keywords=Dotnet [32m200[0m 261.122 ms - 414[0m
[0mGET /api/v1/jobs/job [32m200[0m 277.942 ms - 1119[0m
[0mGET /api/v1/jobs/recommendjob?skills=frontendDev%20react&experience=junior [33m400[0m 2.939 ms - 130[0m
[0mGET /api/v1/jobs/recommendjob?skills=frontendDev%20react&experience=junior [33m400[0m 2.281 ms - 130[0m
[0mGET /api/v1/jobs/recommendjob?skills=react&experience=junior [33m400[0m 2.001 ms - 130[0m
[0mGET /api/v1/jobs/recommendjob?skills=react&experience=junior [33m400[0m 5.813 ms - 130[0m
[0mGET /api/v1/jobs/recommendjob?skills=react&experience=junior [33m401[0m 5.967 ms - 27[0m
[0mGET /api/v1/jobs/recommendjob?skills=react&experience=junior [32m200[0m 619.742 ms - 414[0m
[0mGET /api/v1/jobs/recommendjob?skills=react&experience=junior [32m200[0m 609.646 ms - 416[0m
[0mGET /api/v1/jobs/recommendjob?skills=react&experience=junior [32m200[0m 546.541 ms - 54[0m
[0mGET /api/v1/jobs/recommendjob [32m200[0m 558.450 ms - 54[0m
[0mGET /api/v1/jobs/recommendjob [32m200[0m 502.985 ms - 416[0m
[0mGET /api/v1/jobs/recommendjob [32m200[0m 1592.323 ms - 416[0m
[0mGET /api/v1/jobs/recommendjob [32m200[0m 679.312 ms - 416[0m
[0mGET /api/v1/jobs/recommendjob [32m200[0m 667.413 ms - 54[0m
[0mGET /api/v1/jobs/recommendjob [32m200[0m 586.278 ms - 54[0m
[0mGET /api/v1/jobs/recommendjob [33m404[0m 418.792 ms - 48[0m
[0mGET /api/v1/jobs/recommendjob [32m200[0m 431.338 ms - 414[0m
[0mGET /api/v1/users/userprofile [32m200[0m 760.719 ms - 323[0m
[0mPOST /api/v1/userjobs/userjob [33m404[0m 2.468 ms - 163[0m
[0mPOST /api/v1/userjobs/userjob [33m404[0m 1.837 ms - 163[0m
[0mPOST /api/v1/userjobs/userjob [33m404[0m 1.035 ms - 163[0m
[0mPOST /api/v1/userjobs/userjob [33m404[0m 1.002 ms - 163[0m
[0mPOST /api/v1/userjobs/userjob [33m401[0m 14.560 ms - 27[0m
[0mPOST /api/v1/userjobs/userjob [33m400[0m 3.431 ms - 59[0m
[0mPOST /api/v1/userjobs/userjob [33m404[0m 629.503 ms - 75[0m
[0mPOST /api/v1/userjobs/userjob [33m400[0m 879.967 ms - 66[0m
[0mPOST /api/v1/userjobs/userjob [33m404[0m 1355.035 ms - 50[0m
[0mPOST /api/v1/userjobs/userjob [33m404[0m 1445.660 ms - 50[0m
[0mPOST /api/v1/userjobs/userjob [33m404[0m 1467.471 ms - 50[0m
[0mPOST /api/v1/userjobs/userjob [32m201[0m 1733.339 ms - 444[0m
[0mPOST /api/v1/userjobs/userjob [32m201[0m 1555.977 ms - 444[0m
[0mPOST /api/v1/userjobs/userjob [32m201[0m 1635.084 ms - 444[0m
[0mGET /api/v1/userjobs/userjob/6391490f95ecd79eaaed9e6a [33m400[0m 301.123 ms - 12[0m
[0mGET /api/v1/userjobs/userjob/6391490f95ecd79eaaed9e6a [32m200[0m 672.066 ms - 392[0m
[0mGET /api/v1/userjobs/userjob/6391490f95ecd79eaaed9e6a [32m200[0m 515.194 ms - 392[0m
[0mPATCH /api/v1/userjobs/userjob/6391490f95ecd79eaaed9e6a [33m403[0m 296.654 ms - 47[0m
[0mPATCH /api/v1/userjobs/userjob/6391490f95ecd79eaaed9e6a [32m200[0m 1314.445 ms - 416[0m
[0mGET /api/v1/userjobs/userjob [32m200[0m 751.053 ms - 399[0m
[0mGET /api/v1/userjobs/userjob?status=rejected [32m200[0m 502.728 ms - 70[0m
[0mGET /api/v1/userjobs/userjob [32m200[0m 490.819 ms - 399[0m
[0mPOST /api/v1/auths/signup [32m201[0m 752.869 ms - 633[0m
[0mPOST /api/v1/auths/signup [32m201[0m 3065.006 ms - 640[0m
[0mPOST /api/v1/auths/signup [32m201[0m 875.629 ms - 639[0m
[0mPOST /api/v1/jobs/job [32m201[0m 1994.096 ms - 424[0m
[0mPOST /api/v1/jobs/job [33m400[0m 313.897 ms - 199[0m
[0mPOST /api/v1/jobs/job [32m201[0m 453.174 ms - 403[0m
[0mGET /api/v1/jobs/recommendjob [32m200[0m 463.681 ms - 445[0m
[0mGET /api/v1/jobs/recommendjob [33m404[0m 487.606 ms - 48[0m
[0mGET /api/v1/jobs/recommendjob [33m404[0m 554.834 ms - 48[0m
[0mPATCH /api/v1/users/user [32m200[0m 1047.264 ms - 320[0m
[0mPATCH /api/v1/users/user [33m404[0m 708.318 ms - 131[0m
[0mPATCH /api/v1/users/user [32m200[0m 807.031 ms - 336[0m
[0mGET /api/v1/jobs/recommendjob [33m404[0m 4051.158 ms - 48[0m
[0mGET /api/v1/jobs/recommendjob [33m404[0m 438.935 ms - 48[0m
[0mPATCH /api/v1/users/user [32m200[0m 1016.279 ms - 322[0m
[0mGET /api/v1/jobs/recommendjob [33m404[0m 435.799 ms - 48[0m
[0mGET /api/v1/jobs/recommendjob [33m404[0m 764.822 ms - 48[0m
[0mPATCH /api/v1/users/user [32m200[0m 1312.778 ms - 323[0m
[0mGET /api/v1/jobs/recommendjob [33m404[0m 527.271 ms - 48[0m
[0mGET /api/v1/jobs/recommendjob [32m200[0m 790.258 ms - 54[0m
[0mGET /api/v1/jobs/recommendjob [33m404[0m 1602.030 ms - 48[0m
[0mPATCH /api/v1/users/user [32m200[0m 1159.180 ms - 323[0m
[0mGET /api/v1/jobs/recommendjob [33m404[0m 687.086 ms - 48[0m
[0mGET /api/v1/jobs/recommendjob [33m404[0m 614.847 ms - 48[0m
[0mPATCH /api/v1/users/user [32m200[0m 996.762 ms - 336[0m
[0mGET /api/v1/jobs/recommendjob [33m404[0m 555.390 ms - 48[0m
[0mGET /api/v1/jobs/recommendjob [33m404[0m 1011.642 ms - 48[0m
[0mPATCH /api/v1/users/user [32m200[0m 1522.940 ms - 336[0m
[0mGET /api/v1/jobs/recommendjob [32m200[0m 392.414 ms - 424[0m
[0mPATCH /api/v1/users/user [33m404[0m 490.751 ms - 202[0m
[0mPATCH /api/v1/users/user [33m404[0m 604.602 ms - 109[0m
[0mPATCH /api/v1/users/user [32m200[0m 753.226 ms - 327[0m
[0mPATCH /api/v1/users/user [32m200[0m 886.325 ms - 330[0m
[0mPOST /api/v1/jobs/job [32m201[0m 425.178 ms - 388[0m
[0mGET /api/v1/jobs/recommendjob [32m200[0m 1850.398 ms - 409[0m
[0mPATCH /api/v1/users/user [32m200[0m 655.824 ms - 336[0m
[0mGET /api/v1/jobs/recommendjob [32m200[0m 471.639 ms - 409[0m
[0mPOST /api/v1/jobs/job [33m400[0m 165.181 ms - 178[0m
[0mPOST /api/v1/jobs/job [32m201[0m 650.617 ms - 396[0m
[0mGET /api/v1/jobs/recommendjob [33m404[0m 456.350 ms - 48[0m
[0mPATCH /api/v1/users/user [32m200[0m 736.501 ms - 349[0m
[0mPOST /api/v1/jobs/job [32m201[0m 682.404 ms - 406[0m
[0mGET /api/v1/jobs/recommendjob [32m200[0m 386.382 ms - 427[0m
[0mGET /api/v1/jobs/job?keywords=CFA [32m200[0m 482.950 ms - 428[0m
[0mPOST /api/v1/jobs/job [33m403[0m 272.211 ms - 48[0m
[0mPOST /api/v1/jobs/job [33m403[0m 241.454 ms - 48[0m
[0mPOST /api/v1/jobs/job [33m403[0m 280.636 ms - 48[0m
[0mPOST /api/v1/jobs/job [32m201[0m 469.136 ms - 406[0m
[0mPOST /api/v1/jobs/job [33m403[0m 197.773 ms - 48[0m
[0mPOST /api/v1/jobs/job [32m201[0m 496.043 ms - 406[0m
[0mPOST /api/v1/jobs/job [33m403[0m 1065.157 ms - 48[0m
[0mPOST /api/v1/jobs/job [32m201[0m 405.416 ms - 429[0m
[0mPOST /api/v1/jobs/job [32m201[0m 410.106 ms - 431[0m
[0mPOST /api/v1/jobs/job [32m201[0m 347.105 ms - 428[0m
[0mPOST /api/v1/jobs/job [32m201[0m 306.868 ms - 424[0m
[0mGET /api/v1/jobs/job [32m200[0m 312.767 ms - 1988[0m
[0mPATCH /api/v1/jobs/job/6392015fa8be71cae7aa75d2 [33m403[0m 431.981 ms - 55[0m
[0mPATCH /api/v1/jobs/job/6392015fa8be71cae7aa75d2 [33m403[0m 441.607 ms - 55[0m
[0mGET /api/v1/jobs/job/6392015fa8be71cae7aa75d2 [32m200[0m 307.130 ms - 441[0m
[0mPATCH /api/v1/jobs/job/6392015fa8be71cae7aa75d2 [33m403[0m 369.216 ms - 55[0m
[0mPATCH /api/v1/jobs/job/6392015fa8be71cae7aa75d2 [33m403[0m 500.521 ms - 55[0m
[0mPATCH /api/v1/jobs/job/6392015fa8be71cae7aa75d2 [33m403[0m 585.198 ms - 55[0m
[0mPATCH /api/v1/jobs/job/6392015fa8be71cae7aa75d2 [33m403[0m 468.749 ms - 55[0m
[0mPATCH /api/v1/jobs/job/6392015fa8be71cae7aa75d2 [33m403[0m 558.078 ms - 55[0m
[0mPATCH /api/v1/jobs/job/6392015fa8be71cae7aa75d2 [33m403[0m 628.244 ms - 55[0m
[0mPATCH /api/v1/jobs/job/6392015fa8be71cae7aa75d2 [33m403[0m 305.128 ms - 55[0m
[0mPATCH /api/v1/jobs/job/6392015fa8be71cae7aa75d2 [33m403[0m 401.346 ms - 55[0m
[0mPATCH /api/v1/jobs/job/6392015fa8be71cae7aa75d2 [33m403[0m 608.345 ms - 55[0m
[0mPATCH /api/v1/jobs/job/6392015fa8be71cae7aa75d2 [33m400[0m 663.594 ms - 130[0m
[0mPATCH /api/v1/jobs/job/6392015fa8be71cae7aa75d2 [33m403[0m 374.252 ms - 55[0m
[0mPATCH /api/v1/jobs/job/6392015fa8be71cae7aa75d2 [33m403[0m 605.881 ms - 55[0m
[0mPATCH /api/v1/jobs/job/6392015fa8be71cae7aa75d2 [33m403[0m 452.502 ms - 55[0m
[0mPATCH /api/v1/jobs/job/6392015fa8be71cae7aa75d2 [33m403[0m 472.269 ms - 55[0m
[0mPATCH /api/v1/jobs/job/6392015fa8be71cae7aa75d2 [33m403[0m 343.955 ms - 55[0m
[0mPATCH /api/v1/jobs/job/6392015fa8be71cae7aa75d2 [33m403[0m 424.130 ms - 55[0m
[0mPATCH /api/v1/jobs/job/6392015fa8be71cae7aa75d2 [33m401[0m 3.690 ms - 27[0m
[0mPATCH /api/v1/jobs/job/6392015fa8be71cae7aa75d2 [33m403[0m 336.485 ms - 55[0m
[0mPUT /api/v1/jobs/job/6392015fa8be71cae7aa75d2 [33m403[0m 460.565 ms - 55[0m
[0mGET /api/v1/jobs/job [32m200[0m 225.981 ms - 1991[0m
[0mPUT /api/v1/jobs/job/6392015fa8be71cae7aa75d2 [33m403[0m 495.040 ms - 55[0m
[0mPUT /api/v1/jobs/job/6392015fa8be71cae7aa75d2 [33m403[0m 2620.776 ms - 55[0m
[0mGET /api/v1/jobs/job [32m200[0m 351.795 ms - 1991[0m
[0mGET /api/v1/jobs/job [32m200[0m 194.548 ms - 1991[0m
[0mPUT /api/v1/jobs/job/6392015fa8be71cae7aa75d2 [33m403[0m 361.032 ms - 55[0m
[0mGET /api/v1/jobs/job [32m200[0m 187.974 ms - 1991[0m
[0mGET /api/v1/jobs/job [32m200[0m 190.375 ms - 1991[0m
[0mPUT /api/v1/jobs/job/6392015fa8be71cae7aa75d2 [33m403[0m 337.557 ms - 55[0m
[0mGET /api/v1/jobs/job [32m200[0m 144.593 ms - 1991[0m
[0mGET /api/v1/jobs/job [32m200[0m 171.483 ms - 1991[0m
[0mPUT /api/v1/jobs/job/6392015fa8be71cae7aa75d2 [33m403[0m 329.311 ms - 55[0m
[0mPUT /api/v1/jobs/job/6392015fa8be71cae7aa75d2 [32m200[0m 557.959 ms - 472[0m
[0mPUT /api/v1/jobs/job/6392015fa8be71cae7aa75d2 [32m200[0m 521.175 ms - 475[0m
[0mPUT /api/v1/jobs/job/6392015fa8be71cae7aa75d2 [33m403[0m 254.431 ms - 55[0m
[0mPUT /api/v1/jobs/job/6392015fa8be71cae7aa75d2 [32m200[0m 887.036 ms - 475[0m
[0mPUT /api/v1/jobs/job/6392015fa8be71cae7aa75d2 [32m200[0m 628.328 ms - 475[0m
[0mGET /api/v1/users/userprofile [32m200[0m 1004.055 ms - 553[0m
[0mGET /api/v1/users/userprofile [32m200[0m 984.117 ms - 554[0m
[0mGET /api/v1/users/userprofile [32m200[0m 674.690 ms - 321[0m
[0mGET /api/v1/users/userprofile [32m200[0m 1103.723 ms - 321[0m
[0mGET /api/v1/users/userprofile [33m404[0m 529.364 ms - 26[0m
[0mGET /api/v1/users/userprofile [32m200[0m 565.088 ms - 321[0m
[0mGET /api/v1/users/userprofile [32m200[0m 537.669 ms - 345[0m
[0mGET /api/v1/users/userprofile [32m200[0m 690.577 ms - 361[0m
[0mGET /api/v1/users/userprofile [32m200[0m 1024.465 ms - 361[0m
[0mGET /api/v1/users/userprofile [32m200[0m 553.712 ms - 315[0m
[0mGET /api/v1/users/userprofile [32m200[0m 633.936 ms - 358[0m
[0mGET /api/v1/users/userprofile [32m200[0m 771.679 ms - 554[0m
[0mGET /api/v1/users/userprofile [32m200[0m 846.228 ms - 518[0m
[0mGET /api/v1/users/userprofile [32m200[0m 682.536 ms - 483[0m
[0mGET /api/v1/users/user [33m403[0m 357.117 ms - 47[0m
[0mGET /api/v1/users/user [33m403[0m 218.595 ms - 47[0m
[0mGET /api/v1/users/user [32m200[0m 529.803 ms - 1361[0m
[0mGET /api/v1/users/user?location=abuja [32m200[0m 377.875 ms - 840[0m
[0mGET /api/v1/users/user?location=lagos [32m200[0m 458.122 ms - 583[0m
[0mPATCH /api/v1/userjobs/userjob/6391490f95ecd79eaaed9e6a [33m403[0m 318.534 ms - 47[0m
[0mPATCH /api/v1/userjobs/userjob/6390ae9f37a89dc69e6c178f [33m404[0m 652.379 ms - 60[0m
[0mPOST /api/v1/auths/signup [33m400[0m 374.410 ms - 149[0m
